[05-Sep-2025 05:57:33 UTC] PHP Warning:  preg_match(): No ending delimiter '/' found in D:\Webroot\development\lib\plugins\botmon\tick.php on line 17
[05-Sep-2025 05:57:33 UTC] PHP Warning:  Undefined property: ErrorException::$getMessage in D:\Webroot\development\lib\plugins\botmon\tick.php on line 55
[05-Sep-2025 05:57:43 UTC] PHP Warning:  preg_match(): No ending delimiter '/' found in D:\Webroot\development\lib\plugins\botmon\tick.php on line 17
[05-Sep-2025 05:57:43 UTC] PHP Warning:  Undefined property: ErrorException::$getMessage in D:\Webroot\development\lib\plugins\botmon\tick.php on line 55
[05-Sep-2025 05:58:04 UTC] PHP Warning:  preg_match(): No ending delimiter '/' found in D:\Webroot\development\lib\plugins\botmon\tick.php on line 17
[05-Sep-2025 05:58:04 UTC] PHP Warning:  Undefined property: ErrorException::$getMessage in D:\Webroot\development\lib\plugins\botmon\tick.php on line 55
[05-Sep-2025 05:58:13 UTC] PHP Warning:  preg_match(): No ending delimiter '/' found in D:\Webroot\development\lib\plugins\botmon\tick.php on line 17
[05-Sep-2025 05:58:13 UTC] PHP Warning:  Undefined property: ErrorException::$getMessage in D:\Webroot\development\lib\plugins\botmon\tick.php on line 55
[05-Sep-2025 05:58:35 UTC] PHP Warning:  preg_match(): No ending delimiter '/' found in D:\Webroot\development\lib\plugins\botmon\tick.php on line 17
[05-Sep-2025 05:58:35 UTC] PHP Warning:  Undefined property: ErrorException::$getMessage in D:\Webroot\development\lib\plugins\botmon\tick.php on line 55
[05-Sep-2025 05:58:43 UTC] PHP Warning:  preg_match(): No ending delimiter '/' found in D:\Webroot\development\lib\plugins\botmon\tick.php on line 17
[05-Sep-2025 05:58:43 UTC] PHP Warning:  Undefined property: ErrorException::$getMessage in D:\Webroot\development\lib\plugins\botmon\tick.php on line 55
[05-Sep-2025 06:55:56 UTC] PHP Parse error:  syntax error, unexpected token "=" in D:\Webroot\development\lib\plugins\botmon\tick.php on line 18
[05-Sep-2025 06:56:00 UTC] PHP Parse error:  syntax error, unexpected token "=" in D:\Webroot\development\lib\plugins\botmon\tick.php on line 18
[05-Sep-2025 06:56:27 UTC] PHP Parse error:  syntax error, unexpected token "=" in D:\Webroot\development\lib\plugins\botmon\tick.php on line 18
[05-Sep-2025 06:56:30 UTC] PHP Parse error:  syntax error, unexpected token "=" in D:\Webroot\development\lib\plugins\botmon\tick.php on line 18
[05-Sep-2025 06:56:58 UTC] PHP Parse error:  syntax error, unexpected token "=" in D:\Webroot\development\lib\plugins\botmon\tick.php on line 18
[05-Sep-2025 06:57:00 UTC] PHP Parse error:  syntax error, unexpected token "=" in D:\Webroot\development\lib\plugins\botmon\tick.php on line 18
[05-Sep-2025 06:57:29 UTC] PHP Parse error:  syntax error, unexpected token "=" in D:\Webroot\development\lib\plugins\botmon\tick.php on line 18
[05-Sep-2025 06:57:30 UTC] PHP Parse error:  syntax error, unexpected token "=" in D:\Webroot\development\lib\plugins\botmon\tick.php on line 18
[05-Sep-2025 06:58:00 UTC] PHP Parse error:  syntax error, unexpected token "=" in D:\Webroot\development\lib\plugins\botmon\tick.php on line 18
[05-Sep-2025 06:58:00 UTC] PHP Parse error:  syntax error, unexpected token "=" in D:\Webroot\development\lib\plugins\botmon\tick.php on line 18
[05-Sep-2025 06:58:31 UTC] PHP Parse error:  syntax error, unexpected token "=" in D:\Webroot\development\lib\plugins\botmon\tick.php on line 18
[05-Sep-2025 06:58:31 UTC] PHP Parse error:  syntax error, unexpected token "=" in D:\Webroot\development\lib\plugins\botmon\tick.php on line 18
[05-Sep-2025 06:59:01 UTC] PHP Parse error:  syntax error, unexpected token "=" in D:\Webroot\development\lib\plugins\botmon\tick.php on line 18
[05-Sep-2025 06:59:02 UTC] PHP Parse error:  syntax error, unexpected token "=" in D:\Webroot\development\lib\plugins\botmon\tick.php on line 18
[05-Sep-2025 06:59:31 UTC] PHP Parse error:  syntax error, unexpected token "=" in D:\Webroot\development\lib\plugins\botmon\tick.php on line 18
[05-Sep-2025 06:59:33 UTC] PHP Parse error:  syntax error, unexpected token "=" in D:\Webroot\development\lib\plugins\botmon\tick.php on line 18
[05-Sep-2025 07:00:01 UTC] PHP Parse error:  syntax error, unexpected token "=" in D:\Webroot\development\lib\plugins\botmon\tick.php on line 18
[05-Sep-2025 07:00:04 UTC] PHP Parse error:  syntax error, unexpected token "=" in D:\Webroot\development\lib\plugins\botmon\tick.php on line 18
[05-Sep-2025 07:00:31 UTC] PHP Parse error:  syntax error, unexpected token "=" in D:\Webroot\development\lib\plugins\botmon\tick.php on line 18
[05-Sep-2025 07:00:35 UTC] PHP Parse error:  syntax error, unexpected token "=" in D:\Webroot\development\lib\plugins\botmon\tick.php on line 18
[05-Sep-2025 07:01:01 UTC] PHP Parse error:  syntax error, unexpected token "=" in D:\Webroot\development\lib\plugins\botmon\tick.php on line 18
[05-Sep-2025 07:01:06 UTC] PHP Parse error:  syntax error, unexpected token "=" in D:\Webroot\development\lib\plugins\botmon\tick.php on line 18
[05-Sep-2025 07:01:31 UTC] PHP Parse error:  syntax error, unexpected token "=" in D:\Webroot\development\lib\plugins\botmon\tick.php on line 18
[05-Sep-2025 07:01:37 UTC] PHP Parse error:  syntax error, unexpected token "=" in D:\Webroot\development\lib\plugins\botmon\tick.php on line 18
[05-Sep-2025 07:02:01 UTC] PHP Parse error:  syntax error, unexpected token "=" in D:\Webroot\development\lib\plugins\botmon\tick.php on line 18
[05-Sep-2025 07:02:08 UTC] PHP Parse error:  syntax error, unexpected token "=" in D:\Webroot\development\lib\plugins\botmon\tick.php on line 18
[05-Sep-2025 07:02:31 UTC] PHP Parse error:  syntax error, unexpected token "=" in D:\Webroot\development\lib\plugins\botmon\tick.php on line 18
[05-Sep-2025 07:02:39 UTC] PHP Parse error:  syntax error, unexpected token "=" in D:\Webroot\development\lib\plugins\botmon\tick.php on line 18
[05-Sep-2025 07:06:01 UTC] PHP Parse error:  syntax error, unexpected token "}" in D:\Webroot\development\lib\plugins\botmon\pview.php on line 36
[05-Sep-2025 07:09:36 UTC] PHP Fatal error:  Uncaught Error: Undefined constant "loadTime" in D:\Webroot\development\lib\plugins\botmon\pview.php:34
Stack trace:
#0 {main}
  thrown in D:\Webroot\development\lib\plugins\botmon\pview.php on line 34
